<?xml version="1.0" encoding="UTF-8"?>
<testsuite xmlns:xsi="http://www.w3.org/2001/XMLSchema-instance" xsi:noNamespaceSchemaLocation="https://maven.apache.org/surefire/maven-surefire-plugin/xsd/surefire-test-report-3.0.xsd" version="3.0" name="testSuites.TestCases" time="116.072" tests="3" errors="0" skipped="0" failures="0">
  <properties>
    <property name="java.specification.version" value="16"/>
    <property name="webdriver.chrome.driver" value="C:\Users\Yeshw\git\FindingHospitals\FindingHospitals\Drivers\chromedriver.exe"/>
    <property name="sun.cpu.isalist" value="amd64"/>
    <property name="sun.jnu.encoding" value="Cp1252"/>
    <property name="java.class.path" value="C:\Users\Yeshw\git\FindingHospitals\FindingHospitals\target\test-classes;C:\Users\Yeshw\git\FindingHospitals\FindingHospitals\target\classes;C:\Users\Yeshw\.m2\repository\org\seleniumhq\selenium\selenium-java\3.141.59\selenium-java-3.141.59.jar;C:\Users\Yeshw\.m2\repository\org\seleniumhq\selenium\selenium-api\3.141.59\selenium-api-3.141.59.jar;C:\Users\Yeshw\.m2\repository\org\seleniumhq\selenium\selenium-chrome-driver\3.141.59\selenium-chrome-driver-3.141.59.jar;C:\Users\Yeshw\.m2\repository\org\seleniumhq\selenium\selenium-edge-driver\3.141.59\selenium-edge-driver-3.141.59.jar;C:\Users\Yeshw\.m2\repository\org\seleniumhq\selenium\selenium-firefox-driver\3.141.59\selenium-firefox-driver-3.141.59.jar;C:\Users\Yeshw\.m2\repository\org\seleniumhq\selenium\selenium-ie-driver\3.141.59\selenium-ie-driver-3.141.59.jar;C:\Users\Yeshw\.m2\repository\org\seleniumhq\selenium\selenium-opera-driver\3.141.59\selenium-opera-driver-3.141.59.jar;C:\Users\Yeshw\.m2\repository\org\seleniumhq\selenium\selenium-remote-driver\3.141.59\selenium-remote-driver-3.141.59.jar;C:\Users\Yeshw\.m2\repository\org\seleniumhq\selenium\selenium-safari-driver\3.141.59\selenium-safari-driver-3.141.59.jar;C:\Users\Yeshw\.m2\repository\org\seleniumhq\selenium\selenium-support\3.141.59\selenium-support-3.141.59.jar;C:\Users\Yeshw\.m2\repository\net\bytebuddy\byte-buddy\1.8.15\byte-buddy-1.8.15.jar;C:\Users\Yeshw\.m2\repository\org\apache\commons\commons-exec\1.3\commons-exec-1.3.jar;C:\Users\Yeshw\.m2\repository\com\google\guava\guava\25.0-jre\guava-25.0-jre.jar;C:\Users\Yeshw\.m2\repository\com\google\code\findbugs\jsr305\1.3.9\jsr305-1.3.9.jar;C:\Users\Yeshw\.m2\repository\org\checkerframework\checker-compat-qual\2.0.0\checker-compat-qual-2.0.0.jar;C:\Users\Yeshw\.m2\repository\com\google\errorprone\error_prone_annotations\2.1.3\error_prone_annotations-2.1.3.jar;C:\Users\Yeshw\.m2\repository\com\google\j2objc\j2objc-annotations\1.1\j2objc-annotations-1.1.jar;C:\Users\Yeshw\.m2\repository\org\codehaus\mojo\animal-sniffer-annotations\1.14\animal-sniffer-annotations-1.14.jar;C:\Users\Yeshw\.m2\repository\com\squareup\okhttp3\okhttp\3.11.0\okhttp-3.11.0.jar;C:\Users\Yeshw\.m2\repository\com\squareup\okio\okio\1.14.0\okio-1.14.0.jar;C:\Users\Yeshw\.m2\repository\org\seleniumhq\selenium\selenium-server\3.141.59\selenium-server-3.141.59.jar;C:\Users\Yeshw\.m2\repository\com\beust\jcommander\1.72\jcommander-1.72.jar;C:\Users\Yeshw\.m2\repository\net\jcip\jcip-annotations\1.0\jcip-annotations-1.0.jar;C:\Users\Yeshw\.m2\repository\org\seleniumhq\selenium\jetty-repacked\9.4.12.v20180830\jetty-repacked-9.4.12.v20180830.jar;C:\Users\Yeshw\.m2\repository\javax\servlet\javax.servlet-api\3.1.0\javax.servlet-api-3.1.0.jar;C:\Users\Yeshw\.m2\repository\org\yaml\snakeyaml\1.19\snakeyaml-1.19.jar;C:\Users\Yeshw\.m2\repository\org\testng\testng\6.8\testng-6.8.jar;C:\Users\Yeshw\.m2\repository\junit\junit\4.10\junit-4.10.jar;C:\Users\Yeshw\.m2\repository\org\hamcrest\hamcrest-core\1.1\hamcrest-core-1.1.jar;C:\Users\Yeshw\.m2\repository\org\beanshell\bsh\2.0b4\bsh-2.0b4.jar;C:\Users\Yeshw\.m2\repository\com\aventstack\extentreports\3.1.5\extentreports-3.1.5.jar;C:\Users\Yeshw\.m2\repository\org\freemarker\freemarker\2.3.23\freemarker-2.3.23.jar;C:\Users\Yeshw\.m2\repository\org\mongodb\mongodb-driver\3.3.0\mongodb-driver-3.3.0.jar;C:\Users\Yeshw\.m2\repository\org\mongodb\bson\3.3.0\bson-3.3.0.jar;C:\Users\Yeshw\.m2\repository\org\mongodb\mongodb-driver-core\3.3.0\mongodb-driver-core-3.3.0.jar;C:\Users\Yeshw\.m2\repository\org\apache\httpcomponents\httpclient\4.5.2\httpclient-4.5.2.jar;C:\Users\Yeshw\.m2\repository\org\apache\httpcomponents\httpcore\4.4.4\httpcore-4.4.4.jar;C:\Users\Yeshw\.m2\repository\commons-logging\commons-logging\1.2\commons-logging-1.2.jar;C:\Users\Yeshw\.m2\repository\org\apache\httpcomponents\httpmime\4.5.2\httpmime-4.5.2.jar;C:\Users\Yeshw\.m2\repository\org\jsoup\jsoup\1.9.2\jsoup-1.9.2.jar;C:\Users\Yeshw\.m2\repository\com\google\code\gson\gson\2.8.0\gson-2.8.0.jar;C:\Users\Yeshw\.m2\repository\commons-io\commons-io\2.10.0\commons-io-2.10.0.jar;C:\Users\Yeshw\.m2\repository\org\apache\poi\poi\3.17\poi-3.17.jar;C:\Users\Yeshw\.m2\repository\commons-codec\commons-codec\1.10\commons-codec-1.10.jar;C:\Users\Yeshw\.m2\repository\org\apache\commons\commons-collections4\4.1\commons-collections4-4.1.jar;C:\Users\Yeshw\.m2\repository\org\apache\poi\poi-ooxml\4.0.0\poi-ooxml-4.0.0.jar;C:\Users\Yeshw\.m2\repository\org\apache\poi\poi-ooxml-schemas\4.0.0\poi-ooxml-schemas-4.0.0.jar;C:\Users\Yeshw\.m2\repository\org\apache\xmlbeans\xmlbeans\3.0.1\xmlbeans-3.0.1.jar;C:\Users\Yeshw\.m2\repository\org\apache\commons\commons-compress\1.18\commons-compress-1.18.jar;C:\Users\Yeshw\.m2\repository\com\github\virtuald\curvesapi\1.04\curvesapi-1.04.jar;C:\Users\Yeshw\.m2\repository\com\googlecode\json-simple\json-simple\1.1.1\json-simple-1.1.1.jar;"/>
    <property name="java.vm.vendor" value="Oracle Corporation"/>
    <property name="sun.arch.data.model" value="64"/>
    <property name="user.variant" value=""/>
    <property name="java.vendor.url" value="https://java.oracle.com/"/>
    <property name="user.timezone" value="Asia/Calcutta"/>
    <property name="os.name" value="Windows 10"/>
    <property name="java.vm.specification.version" value="16"/>
    <property name="sun.java.launcher" value="SUN_STANDARD"/>
    <property name="user.country" value="IN"/>
    <property name="sun.boot.library.path" value="C:\Program Files\Java\jdk-16.0.1\bin"/>
    <property name="sun.java.command" value="C:\Users\Yeshw\AppData\Local\Temp\surefire17573243779363250938\surefirebooter8748202574143812436.jar C:\Users\Yeshw\AppData\Local\Temp\surefire17573243779363250938 2022-05-13T11-13-18_784-jvmRun1 surefire3082416417072254655tmp surefire_017226064198087047766tmp"/>
    <property name="jdk.debug" value="release"/>
    <property name="surefire.test.class.path" value="C:\Users\Yeshw\git\FindingHospitals\FindingHospitals\target\test-classes;C:\Users\Yeshw\git\FindingHospitals\FindingHospitals\target\classes;C:\Users\Yeshw\.m2\repository\org\seleniumhq\selenium\selenium-java\3.141.59\selenium-java-3.141.59.jar;C:\Users\Yeshw\.m2\repository\org\seleniumhq\selenium\selenium-api\3.141.59\selenium-api-3.141.59.jar;C:\Users\Yeshw\.m2\repository\org\seleniumhq\selenium\selenium-chrome-driver\3.141.59\selenium-chrome-driver-3.141.59.jar;C:\Users\Yeshw\.m2\repository\org\seleniumhq\selenium\selenium-edge-driver\3.141.59\selenium-edge-driver-3.141.59.jar;C:\Users\Yeshw\.m2\repository\org\seleniumhq\selenium\selenium-firefox-driver\3.141.59\selenium-firefox-driver-3.141.59.jar;C:\Users\Yeshw\.m2\repository\org\seleniumhq\selenium\selenium-ie-driver\3.141.59\selenium-ie-driver-3.141.59.jar;C:\Users\Yeshw\.m2\repository\org\seleniumhq\selenium\selenium-opera-driver\3.141.59\selenium-opera-driver-3.141.59.jar;C:\Users\Yeshw\.m2\repository\org\seleniumhq\selenium\selenium-remote-driver\3.141.59\selenium-remote-driver-3.141.59.jar;C:\Users\Yeshw\.m2\repository\org\seleniumhq\selenium\selenium-safari-driver\3.141.59\selenium-safari-driver-3.141.59.jar;C:\Users\Yeshw\.m2\repository\org\seleniumhq\selenium\selenium-support\3.141.59\selenium-support-3.141.59.jar;C:\Users\Yeshw\.m2\repository\net\bytebuddy\byte-buddy\1.8.15\byte-buddy-1.8.15.jar;C:\Users\Yeshw\.m2\repository\org\apache\commons\commons-exec\1.3\commons-exec-1.3.jar;C:\Users\Yeshw\.m2\repository\com\google\guava\guava\25.0-jre\guava-25.0-jre.jar;C:\Users\Yeshw\.m2\repository\com\google\code\findbugs\jsr305\1.3.9\jsr305-1.3.9.jar;C:\Users\Yeshw\.m2\repository\org\checkerframework\checker-compat-qual\2.0.0\checker-compat-qual-2.0.0.jar;C:\Users\Yeshw\.m2\repository\com\google\errorprone\error_prone_annotations\2.1.3\error_prone_annotations-2.1.3.jar;C:\Users\Yeshw\.m2\repository\com\google\j2objc\j2objc-annotations\1.1\j2objc-annotations-1.1.jar;C:\Users\Yeshw\.m2\repository\org\codehaus\mojo\animal-sniffer-annotations\1.14\animal-sniffer-annotations-1.14.jar;C:\Users\Yeshw\.m2\repository\com\squareup\okhttp3\okhttp\3.11.0\okhttp-3.11.0.jar;C:\Users\Yeshw\.m2\repository\com\squareup\okio\okio\1.14.0\okio-1.14.0.jar;C:\Users\Yeshw\.m2\repository\org\seleniumhq\selenium\selenium-server\3.141.59\selenium-server-3.141.59.jar;C:\Users\Yeshw\.m2\repository\com\beust\jcommander\1.72\jcommander-1.72.jar;C:\Users\Yeshw\.m2\repository\net\jcip\jcip-annotations\1.0\jcip-annotations-1.0.jar;C:\Users\Yeshw\.m2\repository\org\seleniumhq\selenium\jetty-repacked\9.4.12.v20180830\jetty-repacked-9.4.12.v20180830.jar;C:\Users\Yeshw\.m2\repository\javax\servlet\javax.servlet-api\3.1.0\javax.servlet-api-3.1.0.jar;C:\Users\Yeshw\.m2\repository\org\yaml\snakeyaml\1.19\snakeyaml-1.19.jar;C:\Users\Yeshw\.m2\repository\org\testng\testng\6.8\testng-6.8.jar;C:\Users\Yeshw\.m2\repository\junit\junit\4.10\junit-4.10.jar;C:\Users\Yeshw\.m2\repository\org\hamcrest\hamcrest-core\1.1\hamcrest-core-1.1.jar;C:\Users\Yeshw\.m2\repository\org\beanshell\bsh\2.0b4\bsh-2.0b4.jar;C:\Users\Yeshw\.m2\repository\com\aventstack\extentreports\3.1.5\extentreports-3.1.5.jar;C:\Users\Yeshw\.m2\repository\org\freemarker\freemarker\2.3.23\freemarker-2.3.23.jar;C:\Users\Yeshw\.m2\repository\org\mongodb\mongodb-driver\3.3.0\mongodb-driver-3.3.0.jar;C:\Users\Yeshw\.m2\repository\org\mongodb\bson\3.3.0\bson-3.3.0.jar;C:\Users\Yeshw\.m2\repository\org\mongodb\mongodb-driver-core\3.3.0\mongodb-driver-core-3.3.0.jar;C:\Users\Yeshw\.m2\repository\org\apache\httpcomponents\httpclient\4.5.2\httpclient-4.5.2.jar;C:\Users\Yeshw\.m2\repository\org\apache\httpcomponents\httpcore\4.4.4\httpcore-4.4.4.jar;C:\Users\Yeshw\.m2\repository\commons-logging\commons-logging\1.2\commons-logging-1.2.jar;C:\Users\Yeshw\.m2\repository\org\apache\httpcomponents\httpmime\4.5.2\httpmime-4.5.2.jar;C:\Users\Yeshw\.m2\repository\org\jsoup\jsoup\1.9.2\jsoup-1.9.2.jar;C:\Users\Yeshw\.m2\repository\com\google\code\gson\gson\2.8.0\gson-2.8.0.jar;C:\Users\Yeshw\.m2\repository\commons-io\commons-io\2.10.0\commons-io-2.10.0.jar;C:\Users\Yeshw\.m2\repository\org\apache\poi\poi\3.17\poi-3.17.jar;C:\Users\Yeshw\.m2\repository\commons-codec\commons-codec\1.10\commons-codec-1.10.jar;C:\Users\Yeshw\.m2\repository\org\apache\commons\commons-collections4\4.1\commons-collections4-4.1.jar;C:\Users\Yeshw\.m2\repository\org\apache\poi\poi-ooxml\4.0.0\poi-ooxml-4.0.0.jar;C:\Users\Yeshw\.m2\repository\org\apache\poi\poi-ooxml-schemas\4.0.0\poi-ooxml-schemas-4.0.0.jar;C:\Users\Yeshw\.m2\repository\org\apache\xmlbeans\xmlbeans\3.0.1\xmlbeans-3.0.1.jar;C:\Users\Yeshw\.m2\repository\org\apache\commons\commons-compress\1.18\commons-compress-1.18.jar;C:\Users\Yeshw\.m2\repository\com\github\virtuald\curvesapi\1.04\curvesapi-1.04.jar;C:\Users\Yeshw\.m2\repository\com\googlecode\json-simple\json-simple\1.1.1\json-simple-1.1.1.jar;"/>
    <property name="sun.cpu.endian" value="little"/>
    <property name="user.home" value="C:\Users\Yeshw"/>
    <property name="user.language" value="en"/>
    <property name="java.specification.vendor" value="Oracle Corporation"/>
    <property name="java.version.date" value="2021-04-20"/>
    <property name="java.home" value="C:\Program Files\Java\jdk-16.0.1"/>
    <property name="file.separator" value="\"/>
    <property name="basedir" value="C:\Users\Yeshw\git\FindingHospitals\FindingHospitals"/>
    <property name="java.vm.compressedOopsMode" value="32-bit"/>
    <property name="line.separator" value="&#10;"/>
    <property name="java.vm.specification.vendor" value="Oracle Corporation"/>
    <property name="java.specification.name" value="Java Platform API Specification"/>
    <property name="surefire.real.class.path" value="C:\Users\Yeshw\AppData\Local\Temp\surefire17573243779363250938\surefirebooter8748202574143812436.jar"/>
    <property name="user.script" value=""/>
    <property name="sun.management.compiler" value="HotSpot 64-Bit Tiered Compilers"/>
    <property name="java.runtime.version" value="16.0.1+9-24"/>
    <property name="user.name" value="Yeshwanth"/>
    <property name="path.separator" value=";"/>
    <property name="os.version" value="10.0"/>
    <property name="java.runtime.name" value="Java(TM) SE Runtime Environment"/>
    <property name="file.encoding" value="Cp1252"/>
    <property name="browser" value=""/>
    <property name="java.vm.name" value="Java HotSpot(TM) 64-Bit Server VM"/>
    <property name="localRepository" value="C:\Users\Yeshw\.m2\repository"/>
    <property name="java.vendor.url.bug" value="https://bugreport.java.com/bugreport/"/>
    <property name="java.io.tmpdir" value="C:\Users\Yeshw\AppData\Local\Temp\"/>
    <property name="java.version" value="16.0.1"/>
    <property name="user.dir" value="C:\Users\Yeshw\git\FindingHospitals\FindingHospitals"/>
    <property name="os.arch" value="amd64"/>
    <property name="java.vm.specification.name" value="Java Virtual Machine Specification"/>
    <property name="sun.os.patch.level" value=""/>
    <property name="java.library.path" value="C:\Program Files\Java\jdk-16.0.1\bin;C:\WINDOWS\Sun\Java\bin;C:\WINDOWS\system32;C:\WINDOWS;C:/Program Files/Java/jdk-16.0.1/bin/server;C:/Program Files/Java/jdk-16.0.1/bin;C:\Program Files (x86)\Common Files\Intel\Shared Libraries\redist\intel64\compiler;C:\Program Files\Java\jdk-16.0.1\bin;C:\Program Files\Java\jdk1.8.0_301\bin;C:\Program Files\Microsoft MPI\Bin\;C:\Program Files\Common Files\Oracle\Java\javapath;C:\Program Files (x86)\Common Files\Oracle\Java\javapath;C:\msys64\mingw64\bin;C:\Python310\Scripts\;C:\Python310\;C:\Program Files\Java\jdk-11.0.11;C:\ProgramData\Anaconda3;C:\ProgramData\Anaconda3\Library\mingw-w64\bin;C:\ProgramData\Anaconda3\Library\usr\bin;C:\ProgramData\Anaconda3\Library\bin;C:\ProgramData\Anaconda3\Scripts;C:\WINDOWS\system32;C:\WINDOWS;C:\WINDOWS\System32\Wbem;C:\WINDOWS\System32\WindowsPowerShell\v1.0\;C:\WINDOWS\System32\OpenSSH\;C:\Program Files\Microsoft SQL Server\120\Tools\Binn\;C:\Program Files\Microsoft SQL Server\Client SDK\ODBC\110\Tools\Binn\;C:\Program Files (x86)\Common Files\AspenTech Shared\;C:\Program Files\Common Files\AspenTech Shared\;C:\Program Files\PuTTY\;C:\Program Files\NVIDIA Corporation\NVIDIA NvDLISR;C:\Program Files (x86)\QuickTime\QTSystem\;C:\Program Files (x86)\NVIDIA Corporation\PhysX\Common;C:\Mingw\MinGW\bin;C:\Program Files\MATLAB\R2020a\runtime\win64;C:\Program Files\MATLAB\R2020a\bin;C:\Program Files\nodejs\;C:\ProgramData\chocolatey\bin;C:\msys64\mingw64;C:\msys64\usr\bin;C:\MinGW\bin;C:\Program Files\Git\cmd;C:\Users\Yeshw\Java Jars\apache-maven-3.8.4\bin;C:\Program Files\MySQL\MySQL Shell 8.0\bin\;C:\Users\Yeshw\AppData\Local\Microsoft\WindowsApps;C:\Program Files\JetBrains\PyCharm 2021.2.2\bin;C:\Users\Yeshw\AppData\Local\GitHubDesktop\bin;C:\Program Files\Common Files\AspenTech Shared\;AspenTech\Aspen Hydraulics;C:\msys64\mingw64\bin;C:\msys64\mingw64;C:\Users\Yeshw\AppData\Roaming\npm;C:\msys64\usr\bin;C:\MinGW\bin;C:\Program Files\Java\jdk-16.0.1\bin;C:\Program Files\Java\jdk1.8.0_301\bin;C:\Program Files\Java\jdk-11.0.11\bin;C:\Users\Yeshw\AppData\Local\Programs\Microsoft VS Code\bin;C:\Users\Yeshw\AppData\Local\atom\bin;F:\Softwares Setup\apache-maven-3.8.4-bin\apache-maven-3.8.4\bin;C:\Users\Yeshw\Java Jars\apache-maven-3.8.4\bin;;C:\Users\Yeshw\AppData\Local\Programs\Hyper\resources\bin;C:\Users\Yeshw\Desktop;;."/>
    <property name="java.vm.info" value="mixed mode, sharing"/>
    <property name="java.vendor" value="Oracle Corporation"/>
    <property name="java.vm.version" value="16.0.1+9-24"/>
    <property name="sun.io.unicode.encoding" value="UnicodeLittle"/>
    <property name="java.class.version" value="60.0"/>
  </properties>
  <testcase name="hospitalNames" classname="testSuites.TestCases" time="73.89">
    <system-out><![CDATA[*************************************************************
            Hospitals with ratings > 3.5 :
*************************************************************
4.0 - HOSMAT Hospital
4.5 - Motherhood Hospital
4.0 - Koshys Hospital
4.5 - NU Hospitals
4.5 - Apollo Cradle & Children’s Hospital
4.0 - Specialist Hospital
4.5 - Cloudnine Hospital - Old Airport Road
4.5 - Queens Hospital
5.0 - Jayashree Speciality Hospital
4.5 - Cloudnine Hospital
4.5 - Cloudnine Hospital - Whitefield
4.5 - Cloudnine Hospital - Bellandur
4.5 - Cloudnine Hospital - Jayanagar
5.0 - Cloudnine Fertility - IVF Centre, Old Airport Road
4.5 - Divakars Speciality Hospital
4.5 - Cloudnine Fertility - IVF Centre, Jayanagar
5.0 - Cloudnine Fertility - IVF Centre, Whitefield
5.0 - Motherhood Hospital
5.0 - Trustwell Hospitals
5.0 - Wellspring - The Fertility Centre
5.0 - Cloudnine Fertility - IVF Centre, Malleshwaram
4.0 - Rainbow Children's Hospital
5.0 - Cloudnine Fertility - IVF Centre, Bellandur
5.0 - Cloudnine Fertility - IVF Centre, HRBR Layout
5.0 - Motherhood Fertility and IVF - Sarjapur Road
5.0 - Motherhood Fertility and IVF - Banashankari
4.0 - Motherhood Fertility and IVF - Electronic City
5.0 - Aster Women & Children Hospital
5.0 - Cloudnine Fertility - IVF Centre, Electronic City
4.0 - Sakra World Hospital
4.0 - Manipal Hospital, Yeshwanthpur
4.5 - Greenview Medical Center
4.0 - Navachethana Hospital
4.5 - Poornima Hospital
5.0 - Cloudnine Children's Hospital - Jayanagar
4.5 - St. Philomena's Hospital
4.5 - Femiint Fertility Hospital
4.5 - Aaxis Super Speciality Hospital
4.0 - Blossom multispecialty hospital
4.0 - Jayashree Multispeciality Hospital
4.5 - Axon Speciality Hospital
4.5 - Aveksha Hospital
4.0 - Sagar Hospitals
5.0 - Ramakrishna Super Speciality Hospital
4.5 - Motherhood Hospital
4.0 - Springleaf Healthcare
4.5 - Mallige Medical Centre
4.0 - RxDx Healthcare
4.5 - Brindhavvan Areion Hospital
4.5 - Birthright By Rainbow
4.5 - Sanjeevini MultispecialIty Hospital
5.0 - Motherhood Hospital
4.5 - Sakhii Hospital
4.5 - Apple Hospital
4.5 - Spandana Hospital and Healthcare centre
4.0 - Hospitec Multi Speciality Hospital
4.0 - Bhagwan Mahaveer Jain Hospital
4.0 - Nethradhama Super Speciality Eye Hospital
4.5 - Spandana Hospital Rehabilitation Center
4.5 - Parkmed
4.0 - Sri Sai Ram Hospital
4.5 - Birthright By Rainbow
4.5 - Punya Hospital
4.0 - Abhaya Hospital
4.5 - Acura Speciality Hospital
4.5 - Mazumdar Shaw Medical Center
4.0 - S J Hospital
4.5 - HCG - The Specialist in Cancer Care
5.0 - Family Hospital
5.0 - Ovum Woman & Child Speciality Hospital
4.5 - Sapthagiri Hospital
4.5 - Maiya Multi Speciality Hospital
4.5 - City Hospital
4.0 - Sri Ram Speciality Hospital
4.5 - Shri Vijayalakshmi Hospital & Trauma Centre
]]></system-out>
    <system-err><![CDATA[Starting ChromeDriver 101.0.4951.41 (93c720db8323b3ec10d056025ab95c23a31997c9-refs/branch-heads/4951@{#904}) on port 41374
Only local connections are allowed.
Please see https://chromedriver.chromium.org/security-considerations for suggestions on keeping ChromeDriver safe.
ChromeDriver was started successfully.
May 13, 2022 11:13:22 AM org.openqa.selenium.remote.ProtocolHandshake createSession
INFO: Detected dialect: W3C
]]></system-err>
  </testcase>
  <testcase name="TopCities" classname="testSuites.TestCases" time="8.171">
    <system-out><![CDATA[*****************************************
            Top Cities are: 
*****************************************
Bangalore
Delhi
Mumbai
Chennai
Hyderabad
Kolkata
Pune
Ahmedabad
]]></system-out>
  </testcase>
  <testcase name="corporateWellness" classname="testSuites.TestCases" time="30.629"/>
</testsuite>