<?xml version="1.0" encoding="UTF-8"?>
<!-- Generated by org.testng.reporters.JUnitReportReporter -->
<testsuite hostname="DESKTOP-VO07NQ3" name="testSuites.TestCases" tests="4" failures="0" timestamp="17 May 2022 12:34:33 GMT" time="193.883" errors="0">
  <testcase name="validcorporateWellness" time="61.197" classname="testSuites.TestCases"/>
  <testcase name="invalidcorporateWellness" time="12.749" classname="testSuites.TestCases"/>
  <testcase name="TopCities" time="20.260" classname="testSuites.TestCases"/>
  <testcase name="hospitalNames" time="99.677" classname="testSuites.TestCases"/>
</testsuite> <!-- testSuites.TestCases -->
