<?xml version="1.0" encoding="UTF-8"?>
<!-- Generated by org.testng.reporters.JUnitReportReporter -->
<testsuite hostname="DESKTOP-VO07NQ3" failures="0" tests="3" name="testSuites.TestCases" time="197.761" errors="0" timestamp="13 May 2022 03:56:44 GMT">
  <testcase classname="testSuites.TestCases" name="corporateWellness" time="33.483"/>
  <testcase classname="testSuites.TestCases" name="hospitalNames" time="141.075"/>
  <testcase classname="testSuites.TestCases" name="TopCities" time="23.203"/>
</testsuite> <!-- testSuites.TestCases -->
