<?xml version="1.0" encoding="UTF-8"?>
<!-- Generated by org.testng.reporters.JUnitReportReporter -->
<testsuite hostname="DESKTOP-VO07NQ3" failures="0" tests="3" name="testSuites.TestCases" time="64.325" errors="0" timestamp="13 May 2022 03:17:28 GMT">
  <testcase classname="testSuites.TestCases" name="corporateWellness" time="6.742"/>
  <testcase classname="testSuites.TestCases" name="hospitalNames" time="54.148"/>
  <testcase classname="testSuites.TestCases" name="TopCities" time="3.435"/>
</testsuite> <!-- testSuites.TestCases -->
