<?xml version="1.0" encoding="UTF-8"?>
<!-- Generated by org.testng.reporters.JUnitReportReporter -->
<testsuite hostname="DESKTOP-VO07NQ3" failures="0" tests="3" name="testSuites.TestCases" time="112.692" errors="0" timestamp="13 May 2022 05:45:15 GMT">
  <testcase classname="testSuites.TestCases" name="corporateWellness" time="30.630"/>
  <testcase classname="testSuites.TestCases" name="hospitalNames" time="73.890"/>
  <testcase classname="testSuites.TestCases" name="TopCities" time="8.172"/>
</testsuite> <!-- testSuites.TestCases -->
