<?xml version="1.0" encoding="UTF-8"?>
<!-- Generated by org.testng.reporters.JUnitReportReporter -->
<testsuite hostname="DESKTOP-VO07NQ3" name="testSuites.TestCases" tests="3" failures="0" timestamp="17 May 2022 14:38:10 GMT" time="61.039" errors="0">
  <testcase name="TopCities" time="3.493" classname="testSuites.TestCases"/>
  <testcase name="hospitalNames" time="51.466" classname="testSuites.TestCases"/>
  <testcase name="invalidcorporateWellness" time="6.080" classname="testSuites.TestCases"/>
</testsuite> <!-- testSuites.TestCases -->
