<?xml version="1.0" encoding="UTF-8"?>
<!-- Generated by org.testng.reporters.JUnitReportReporter -->
<testsuite hostname="DESKTOP-VO07NQ3" name="testSuites.TestCases" tests="3" failures="0" timestamp="17 May 2022 13:13:42 GMT" time="57.590" errors="0">
  <testcase name="invalidcorporateWellness" time="7.472" classname="testSuites.TestCases"/>
  <testcase name="TopCities" time="3.288" classname="testSuites.TestCases"/>
  <testcase name="hospitalNames" time="46.830" classname="testSuites.TestCases"/>
</testsuite> <!-- testSuites.TestCases -->
