<?xml version="1.0" encoding="UTF-8"?>
<!-- Generated by org.testng.reporters.JUnitReportReporter -->
<testsuite hostname="DESKTOP-VO07NQ3" name="testSuites.TestCases" tests="3" failures="0" timestamp="15 May 2022 06:12:32 GMT" time="204.540" errors="0">
  <testcase name="TopCities" time="9.539" classname="testSuites.TestCases"/>
  <testcase name="invalidcorporateWellness" time="17.613" classname="testSuites.TestCases"/>
  <testcase name="hospitalNames" time="177.388" classname="testSuites.TestCases"/>
</testsuite> <!-- testSuites.TestCases -->
