<?xml version="1.0" encoding="UTF-8"?>
<!-- Generated by org.testng.reporters.JUnitReportReporter -->
<testsuite skipped="0" hostname="DESKTOP-VO07NQ3" name="testSuites.TestCases" tests="1" failures="0" timestamp="2022-05-17T18:42:24 IST" time="5.706" errors="0">
  <testcase name="invalidcorporateWellness" time="5.706" classname="testSuites.TestCases"/>
  <system-out/>
</testsuite> <!-- testSuites.TestCases -->
