<?xml version="1.0" encoding="UTF-8"?>
<!-- Generated by org.testng.reporters.JUnitReportReporter -->
<testsuite hostname="DESKTOP-BQAO79T" failures="0" tests="3" name="testSuites.TestCases" time="57.507" errors="0" timestamp="12 May 2022 09:32:06 GMT">
  <testcase classname="testSuites.TestCases" name="corporateWellness" time="9.097"/>
  <testcase classname="testSuites.TestCases" name="TopCities" time="3.349"/>
  <testcase classname="testSuites.TestCases" name="hospitalNames" time="45.061"/>
</testsuite> <!-- testSuites.TestCases -->
