<?xml version="1.0" encoding="UTF-8"?>
<!-- Generated by org.testng.reporters.JUnitReportReporter -->
<testsuite hostname="DESKTOP-BQAO79T" failures="0" tests="1" name="testSuites.SmokeTesting" time="71.996" errors="0" timestamp="12 May 2022 09:32:06 GMT">
  <testcase classname="testSuites.SmokeTesting" name="testing" time="71.996"/>
</testsuite> <!-- testSuites.SmokeTesting -->
